SF:lib\views\home\home_weather.dart
DA:24,1
DA:26,1
DA:27,1
DA:58,0
DA:59,0
DA:63,0
DA:65,0
DA:66,0
DA:67,0
DA:68,0
DA:69,0
DA:71,0
DA:72,0
DA:78,1
DA:80,1
DA:82,3
DA:83,3
DA:85,2
DA:86,2
DA:88,1
DA:89,2
DA:90,3
DA:94,1
DA:97,1
DA:98,1
DA:99,1
DA:101,0
DA:103,0
DA:107,0
DA:110,0
DA:112,0
DA:114,0
DA:115,0
DA:116,0
DA:117,0
DA:118,0
DA:119,0
DA:120,0
DA:121,0
DA:122,0
DA:123,0
DA:124,0
DA:127,0
DA:130,0
DA:132,0
DA:133,0
DA:134,0
DA:136,0
DA:137,0
DA:138,0
DA:140,0
DA:141,0
DA:142,0
DA:143,0
DA:151,0
DA:154,0
DA:155,0
DA:157,0
DA:161,0
DA:165,1
DA:166,2
DA:167,2
DA:171,1
DA:172,2
DA:173,4
DA:176,1
DA:178,2
DA:179,2
DA:184,1
DA:185,2
DA:186,2
DA:188,1
DA:189,2
DA:190,1
DA:197,0
DA:198,0
DA:201,0
DA:202,0
DA:206,0
DA:207,0
DA:208,0
DA:209,0
DA:212,0
DA:213,0
DA:218,1
DA:221,1
DA:222,1
DA:224,1
DA:225,1
DA:227,1
DA:228,1
DA:230,1
DA:231,1
DA:232,1
DA:233,1
DA:236,1
DA:238,1
DA:239,1
DA:240,1
DA:241,1
DA:243,1
DA:245,1
DA:246,1
DA:247,1
DA:251,1
DA:252,1
DA:253,0
DA:255,1
DA:261,1
DA:262,1
DA:263,2
DA:264,2
DA:265,2
DA:266,1
DA:267,2
DA:269,0
DA:273,1
DA:274,1
DA:275,1
DA:276,1
DA:277,0
DA:279,1
DA:286,1
DA:298,1
DA:300,1
DA:302,1
DA:304,1
DA:305,1
DA:307,1
DA:310,1
DA:312,1
DA:313,1
DA:321,1
DA:322,1
DA:323,1
DA:324,1
DA:325,0
DA:327,1
DA:334,1
DA:335,3
DA:343,1
DA:344,0
DA:347,0
DA:348,0
DA:349,0
DA:356,0
DA:357,0
DA:367,1
DA:377,1
DA:385,1
DA:387,1
DA:389,1
DA:390,1
DA:392,1
DA:395,1
DA:397,1
DA:398,1
DA:400,1
DA:406,1
DA:407,1
DA:408,0
DA:409,0
DA:410,1
DA:421,1
DA:422,1
DA:424,1
DA:427,1
DA:430,1
DA:431,1
DA:432,1
DA:433,1
DA:434,1
DA:435,2
DA:436,1
DA:437,1
DA:438,1
DA:445,1
DA:446,1
DA:448,1
DA:451,1
DA:453,1
DA:454,1
DA:455,0
DA:456,0
DA:459,1
DA:460,1
DA:462,1
DA:465,1
DA:467,1
DA:474,1
DA:475,1
DA:476,1
DA:477,1
DA:478,2
DA:479,1
DA:480,1
DA:481,1
DA:488,1
DA:489,1
DA:491,1
DA:494,1
DA:496,1
DA:497,1
DA:498,0
DA:499,0
DA:502,1
DA:503,1
DA:505,1
DA:508,1
DA:510,1
DA:517,1
DA:518,1
DA:519,1
DA:520,1
DA:521,2
DA:522,1
DA:523,1
DA:524,1
DA:531,1
DA:532,1
DA:534,1
DA:537,1
DA:539,1
DA:540,1
DA:541,0
DA:542,0
DA:543,0
DA:544,0
DA:547,1
DA:548,1
DA:550,1
DA:553,1
DA:555,1
DA:609,1
DA:610,1
DA:612,1
DA:613,1
DA:614,1
DA:616,1
DA:617,1
DA:618,4
DA:620,1
DA:621,1
DA:622,1
DA:623,1
DA:626,1
DA:631,1
DA:632,1
DA:634,0
DA:635,0
DA:636,0
DA:637,0
DA:640,1
DA:643,1
DA:650,1
DA:651,0
DA:652,0
DA:653,0
DA:654,0
DA:655,0
DA:656,0
DA:657,0
DA:658,0
DA:661,0
DA:663,0
DA:664,0
DA:665,0
DA:666,0
DA:667,0
DA:668,0
DA:682,1
DA:684,0
DA:686,0
DA:687,0
DA:688,0
DA:689,0
DA:695,0
DA:696,0
DA:697,0
DA:698,0
DA:712,1
DA:713,1
DA:714,3
DA:715,0
DA:717,3
DA:720,1
DA:734,1
DA:736,4
DA:743,1
DA:744,1
DA:745,1
DA:748,1
DA:763,1
DA:764,1
DA:766,1
DA:767,1
DA:768,2
DA:769,1
DA:771,2
DA:773,0
DA:774,0
DA:776,0
DA:777,0
DA:843,0
DA:845,0
DA:847,0
DA:849,0
DA:850,0
DA:854,0
DA:856,0
DA:858,0
DA:859,0
DA:862,0
DA:866,0
LF:314
LH:197
end_of_record
SF:lib\providers\settings_provider.dart
DA:8,0
DA:9,0
DA:10,0
LF:3
LH:0
end_of_record
SF:lib\api\api_key.dart
DA:8,0
DA:9,0
DA:12,1
DA:13,1
DA:16,1
DA:17,1
LF:6
LH:4
end_of_record
SF:lib\dictionaries\colour_dictionary.dart
DA:5,1
DA:7,1
DA:9,1
DA:11,1
DA:13,1
DA:15,1
DA:17,1
LF:7
LH:7
end_of_record
SF:lib\models\current_weather.dart
DA:17,0
DA:29,0
DA:30,0
LF:3
LH:0
end_of_record
SF:lib\models\current_weather.g.dart
DA:9,0
DA:10,0
DA:11,0
DA:12,0
DA:13,0
DA:14,0
DA:15,0
DA:16,0
DA:17,0
DA:18,0
DA:19,0
DA:22,0
DA:23,0
DA:24,0
DA:25,0
DA:26,0
DA:27,0
DA:28,0
DA:29,0
DA:30,0
DA:31,0
DA:32,0
LF:22
LH:0
end_of_record
SF:lib\models\get_weather_object.dart
DA:9,0
LF:1
LH:0
end_of_record
SF:lib\models\location.dart
DA:6,0
LF:1
LH:0
end_of_record
SF:lib\utils\storage_utils.dart
DA:8,1
DA:10,1
DA:12,0
DA:14,0
DA:18,0
DA:19,0
DA:24,0
DA:25,0
DA:27,0
DA:28,0
DA:30,0
LF:11
LH:2
end_of_record
SF:lib\utils\weather_api.dart
DA:10,0
DA:12,0
DA:14,0
DA:19,0
DA:20,0
DA:23,0
DA:25,0
DA:27,0
DA:28,0
DA:29,0
DA:30,0
DA:34,0
DA:35,0
DA:36,0
DA:37,0
DA:38,0
DA:39,0
DA:40,0
DA:41,0
DA:46,0
DA:48,0
DA:52,0
DA:53,0
DA:56,0
LF:24
LH:0
end_of_record
SF:lib\utils\weather_converter.dart
DA:5,1
DA:8,1
DA:10,1
DA:12,1
DA:14,1
DA:16,1
DA:18,1
DA:25,0
DA:28,0
DA:30,0
DA:32,0
DA:34,0
DA:36,0
DA:38,0
LF:14
LH:7
end_of_record
SF:lib\views\settings\settings_page.dart
DA:8,0
DA:10,0
DA:11,0
DA:16,0
DA:19,0
DA:20,0
DA:22,0
DA:23,0
DA:24,0
DA:25,0
DA:26,0
DA:27,0
DA:28,0
DA:31,0
DA:33,0
DA:34,0
DA:35,0
DA:37,0
DA:39,0
DA:47,0
DA:48,0
DA:49,0
DA:53,0
DA:54,0
DA:55,0
DA:57,0
DA:59,0
DA:63,0
DA:64,0
DA:66,0
DA:67,0
DA:68,0
DA:69,0
DA:72,0
DA:73,0
DA:74,0
DA:75,0
DA:77,0
DA:78,0
DA:85,0
DA:86,0
DA:87,0
DA:88,0
DA:91,0
DA:92,0
DA:93,0
DA:94,0
DA:96,0
DA:97,0
DA:106,0
DA:107,0
DA:109,0
DA:126,0
DA:127,0
DA:129,0
DA:130,0
DA:131,0
DA:133,0
DA:134,0
DA:136,0
LF:60
LH:0
end_of_record
SF:lib\views\widgets\glass_container.dart
DA:10,1
DA:12,1
DA:14,1
DA:15,2
DA:16,1
DA:17,1
DA:18,1
DA:19,2
DA:21,1
DA:22,1
DA:23,2
DA:24,1
DA:25,0
DA:26,0
DA:28,1
DA:29,1
DA:31,1
LF:17
LH:15
end_of_record
SF:lib\views\widgets\search.dart
DA:7,0
DA:9,0
DA:11,0
DA:12,0
DA:13,0
DA:14,0
DA:15,0
DA:21,0
DA:22,0
DA:24,0
DA:25,0
DA:26,0
DA:28,0
DA:34,0
DA:35,0
DA:37,0
LF:16
LH:0
end_of_record
